SF:lib/main.dart
DA:15,0
DA:16,0
DA:17,0
DA:19,0
DA:20,0
DA:22,0
DA:23,0
DA:24,0
DA:25,0
DA:26,0
DA:27,0
DA:28,0
DA:29,0
DA:30,0
DA:31,0
DA:32,0
DA:33,0
DA:40,1
DA:42,1
DA:43,1
DA:49,1
DA:51,3
DA:52,1
DA:55,1
DA:57,1
DA:58,1
DA:60,1
DA:62,1
LF:28
LH:11
end_of_record
SF:lib/common/app_colors.dart
DA:14,0
DA:15,0
DA:16,0
LF:3
LH:0
end_of_record
SF:lib/common/app_text_styles.dart
DA:6,0
DA:7,0
DA:12,0
DA:15,0
LF:4
LH:0
end_of_record
SF:lib/common/enums/post_category.dart
DA:16,0
DA:17,0
LF:2
LH:0
end_of_record
SF:lib/common/extensions/num_extension.dart
DA:2,0
LF:1
LH:0
end_of_record
SF:lib/core/di/injection_container.dart
DA:39,0
DA:41,0
DA:42,0
DA:43,0
DA:44,0
DA:46,0
DA:47,0
DA:48,0
DA:49,0
DA:50,0
DA:52,0
DA:53,0
DA:55,0
DA:56,0
DA:58,0
DA:59,0
DA:60,0
DA:61,0
DA:62,0
DA:63,0
DA:65,0
DA:66,0
DA:68,0
DA:70,0
DA:71,0
DA:72,0
DA:73,0
DA:74,0
DA:75,0
DA:76,0
DA:77,0
DA:78,0
DA:79,0
DA:80,0
DA:82,0
DA:84,0
DA:85,0
DA:86,0
DA:87,0
DA:89,0
DA:90,0
DA:91,0
DA:93,0
DA:94,0
DA:96,0
LF:45
LH:0
end_of_record
SF:lib/data/data_sources/local/image_picker_local_data_source_impl.dart
DA:8,0
DA:10,0
DA:12,0
DA:13,0
LF:4
LH:0
end_of_record
SF:lib/data/data_sources/local/share_local_data_source_impl.dart
DA:6,0
DA:8,0
LF:2
LH:0
end_of_record
SF:lib/data/data_sources/remote/mock_comments_data_source_impl.dart
DA:8,0
DA:10,0
DA:16,0
DA:18,0
DA:19,0
DA:20,0
DA:21,0
DA:22,0
LF:8
LH:0
end_of_record
SF:lib/data/data_sources/remote/mock_posts_data_source_impl.dart
DA:14,0
DA:16,0
DA:19,0
DA:20,0
DA:22,0
DA:24,0
DA:27,0
DA:29,0
DA:31,0
DA:37,0
DA:39,0
DA:42,0
DA:44,0
DA:45,0
DA:49,0
DA:50,0
LF:16
LH:0
end_of_record
SF:lib/data/data_sources/remote/mock_users_data_source_impl.dart
DA:9,0
DA:11,0
DA:28,0
DA:30,0
LF:4
LH:0
end_of_record
SF:lib/data/database/database_manager.dart
DA:7,0
DA:9,0
DA:11,0
DA:15,0
DA:17,0
DA:21,0
DA:22,0
DA:23,0
DA:24,0
DA:25,0
DA:39,0
DA:40,0
DA:41,0
DA:45,0
DA:46,0
DA:47,0
DA:49,0
DA:53,0
DA:56,0
DA:57,0
DA:58,0
DA:61,0
DA:62,0
DA:63,0
LF:24
LH:0
end_of_record
SF:lib/data/repositories/comments_repository_impl.dart
DA:9,0
DA:11,0
DA:13,0
DA:16,0
DA:18,0
DA:21,0
DA:23,0
LF:7
LH:0
end_of_record
SF:lib/data/repositories/image_picker_repository_impl.dart
DA:8,0
DA:10,0
DA:12,0
LF:3
LH:0
end_of_record
SF:lib/data/repositories/posts_repository_impl.dart
DA:10,0
DA:12,0
DA:14,0
DA:17,0
DA:19,0
DA:22,0
DA:24,0
DA:27,0
DA:29,0
DA:32,0
DA:34,0
LF:11
LH:0
end_of_record
SF:lib/data/repositories/share_repository_impl.dart
DA:8,0
DA:10,0
DA:12,0
LF:3
LH:0
end_of_record
SF:lib/data/repositories/users_repository_impl.dart
DA:8,0
DA:10,0
DA:12,0
DA:15,0
DA:17,0
DA:20,0
DA:22,0
LF:7
LH:0
end_of_record
SF:lib/domain/usecases/comments/get_all_comments_use_case.dart
DA:8,0
DA:10,0
DA:12,0
LF:3
LH:0
end_of_record
SF:lib/domain/usecases/comments/get_comments_by_post_id_use_case.dart
DA:8,0
DA:10,0
DA:12,0
LF:3
LH:0
end_of_record
SF:lib/domain/usecases/comments/init_comments_use_case.dart
DA:7,0
DA:9,0
DA:11,0
LF:3
LH:0
end_of_record
SF:lib/domain/usecases/image_picker/pick_image_use_case.dart
DA:7,0
DA:9,0
DA:11,0
LF:3
LH:0
end_of_record
SF:lib/domain/usecases/posts/get_all_posts_use_case.dart
DA:8,0
DA:10,0
DA:12,0
LF:3
LH:0
end_of_record
SF:lib/domain/usecases/posts/get_post_by_id_use_case.dart
DA:8,0
DA:10,0
DA:12,0
LF:3
LH:0
end_of_record
SF:lib/domain/usecases/posts/get_posts_by_category_use_case.dart
DA:9,0
DA:11,0
DA:13,0
LF:3
LH:0
end_of_record
SF:lib/domain/usecases/posts/init_posts_use_case.dart
DA:7,0
DA:9,0
DA:11,0
LF:3
LH:0
end_of_record
SF:lib/domain/usecases/posts/like_post_by_id_use_case.dart
DA:7,0
DA:9,0
DA:11,0
LF:3
LH:0
end_of_record
SF:lib/domain/usecases/share/share_use_case.dart
DA:8,0
DA:10,0
DA:12,0
LF:3
LH:0
end_of_record
SF:lib/domain/usecases/users/get_all_users_use_case.dart
DA:8,0
DA:10,0
DA:12,0
LF:3
LH:0
end_of_record
SF:lib/domain/usecases/users/get_user_by_id_use_case.dart
DA:8,0
DA:10,0
DA:12,0
LF:3
LH:0
end_of_record
SF:lib/domain/usecases/users/init_users_use_case.dart
DA:7,0
DA:9,0
DA:11,0
LF:3
LH:0
end_of_record
SF:lib/domain/models/share_params_model.dart
DA:11,0
DA:14,0
DA:16,0
DA:17,0
DA:18,0
DA:19,0
DA:20,0
DA:24,0
DA:25,0
DA:26,0
DA:27,0
DA:28,0
DA:29,0
DA:33,0
DA:36,0
DA:37,0
DA:38,0
DA:39,0
DA:40,0
DA:41,0
DA:43,0
DA:45,0
DA:46,0
DA:47,0
LF:24
LH:0
end_of_record
SF:lib/domain/entities/comment_entity.dart
DA:8,1
LF:1
LH:1
end_of_record
SF:lib/domain/entities/post_entity.dart
DA:15,1
DA:28,0
DA:40,0
DA:41,0
DA:42,0
DA:43,0
DA:44,0
DA:45,0
DA:46,0
DA:47,0
DA:48,0
DA:49,0
DA:50,0
DA:54,0
DA:65,0
DA:66,0
DA:67,0
DA:68,0
DA:69,0
DA:70,0
DA:71,0
DA:72,0
DA:73,0
DA:74,0
DA:76,0
DA:77,0
LF:26
LH:1
end_of_record
SF:lib/domain/entities/user_entity.dart
DA:10,1
DA:18,0
DA:23,0
DA:24,0
DA:25,0
DA:26,0
DA:27,0
DA:28,0
DA:29,0
DA:33,0
DA:34,0
DA:35,0
DA:36,0
DA:37,0
DA:38,0
DA:39,0
DA:43,0
DA:50,0
DA:51,0
DA:52,0
DA:53,0
DA:54,0
DA:55,0
DA:59,0
DA:62,0
DA:63,0
DA:64,0
DA:65,0
DA:66,0
DA:67,0
DA:68,0
DA:70,0
DA:72,0
LF:33
LH:1
end_of_record
SF:lib/domain/helpers/relative_date_helper.dart
DA:5,0
DA:7,0
DA:10,0
DA:11,0
DA:14,0
DA:15,0
DA:18,0
DA:20,0
DA:22,0
DA:24,0
DA:25,0
DA:26,0
DA:27,0
DA:28,0
DA:29,0
DA:32,0
LF:16
LH:0
end_of_record
SF:lib/presentation/notifiers/home_page/category_index_notifier.dart
DA:6,0
DA:8,0
DA:9,0
DA:10,0
LF:4
LH:0
end_of_record
SF:lib/presentation/notifiers/home_page/search_filter_type_notifier.dart
DA:7,0
DA:11,0
DA:13,0
DA:14,0
DA:15,0
DA:18,0
DA:19,0
DA:20,0
LF:8
LH:0
end_of_record
SF:lib/presentation/notifiers/settings_page/settings_page_notifier.dart
DA:7,0
DA:9,0
DA:10,0
LF:3
LH:0
end_of_record
SF:lib/presentation/notifiers/user/user_data_notifier.dart
DA:10,0
DA:14,0
DA:15,0
DA:17,0
DA:18,0
DA:19,0
DA:20,0
DA:25,0
DA:26,0
DA:29,0
DA:30,0
DA:31,0
DA:33,0
LF:13
LH:0
end_of_record
SF:lib/router/router.dart
DA:7,1
DA:8,1
DA:9,1
DA:10,1
DA:13,1
DA:14,1
DA:17,1
DA:18,1
DA:21,1
DA:22,1
LF:10
LH:10
end_of_record
SF:lib/presentation/notifiers/comments_page/comments_page_notifier.dart
DA:10,0
DA:12,0
DA:16,0
DA:18,0
DA:19,0
DA:20,0
DA:23,0
DA:24,0
DA:25,0
LF:9
LH:0
end_of_record
SF:lib/presentation/notifiers/posts/global_mock_storage_provider.dart
DA:17,0
DA:20,0
DA:24,0
DA:28,0
DA:30,0
DA:31,0
DA:33,0
DA:36,0
DA:37,0
DA:38,0
DA:39,0
DA:44,0
DA:46,0
DA:47,0
DA:48,0
DA:49,0
DA:51,0
DA:54,0
DA:55,0
DA:56,0
DA:57,0
DA:60,0
DA:61,0
DA:63,0
DA:67,0
DA:68,0
LF:26
LH:0
end_of_record
SF:lib/presentation/pages/article_page/article_page.dart
DA:27,0
DA:32,0
DA:33,0
DA:39,0
DA:41,0
DA:43,0
DA:46,0
DA:48,0
DA:49,0
DA:50,0
DA:51,0
DA:53,0
DA:56,0
DA:57,0
DA:59,0
DA:60,0
DA:62,0
DA:64,0
DA:65,0
DA:67,0
DA:69,0
DA:70,0
DA:72,0
DA:74,0
DA:76,0
DA:77,0
DA:79,0
DA:81,0
DA:89,0
DA:90,0
DA:95,0
DA:96,0
DA:101,0
DA:102,0
DA:103,0
DA:108,0
DA:109,0
DA:110,0
DA:111,0
DA:115,0
DA:118,0
DA:131,0
DA:133,0
DA:134,0
DA:136,0
DA:137,0
DA:138,0
DA:142,0
DA:145,0
DA:146,0
DA:149,0
DA:150,0
DA:151,0
DA:152,0
DA:154,0
LF:55
LH:0
end_of_record
SF:lib/utils/intl_formatter.dart
DA:5,0
DA:7,0
DA:9,0
DA:10,0
DA:11,0
LF:5
LH:0
end_of_record
SF:lib/presentation/widgets/circled_button_outlined.dart
DA:10,0
DA:16,0
DA:18,0
DA:20,0
DA:21,0
DA:22,0
DA:24,0
DA:25,0
DA:28,0
DA:30,0
DA:32,0
DA:33,0
DA:34,0
LF:13
LH:0
end_of_record
SF:lib/presentation/widgets/post_cover_photo.dart
DA:9,0
DA:16,0
DA:18,0
DA:19,0
DA:20,0
DA:21,0
DA:22,0
DA:23,0
DA:24,0
DA:29,0
DA:31,0
LF:11
LH:0
end_of_record
SF:lib/presentation/pages/comments_page/comments_page.dart
DA:26,0
DA:31,0
DA:32,0
DA:41,0
DA:43,0
DA:45,0
DA:46,0
DA:47,0
DA:49,0
DA:50,0
DA:54,0
DA:61,0
DA:62,0
DA:63,0
DA:65,0
DA:67,0
DA:70,0
DA:72,0
DA:73,0
DA:75,0
DA:77,0
DA:78,0
DA:79,0
DA:90,0
DA:91,0
DA:92,0
DA:97,0
DA:99,0
DA:100,0
DA:103,0
DA:113,0
DA:114,0
DA:115,0
DA:116,0
DA:119,0
DA:129,0
DA:130,0
DA:131,0
DA:133,0
DA:134,0
DA:136,0
DA:152,0
DA:153,0
DA:159,0
DA:164,0
DA:165,0
DA:166,0
DA:167,0
DA:175,0
DA:178,0
LF:50
LH:0
end_of_record
SF:lib/presentation/pages/comments_page/widgets/comment_field.dart
DA:11,0
DA:17,0
DA:19,0
DA:21,0
DA:22,0
DA:23,0
DA:25,0
DA:27,0
DA:33,0
DA:34,0
DA:35,0
DA:36,0
DA:42,0
DA:43,0
LF:14
LH:0
end_of_record
SF:lib/presentation/pages/comments_page/widgets/comments_list_tile.dart
DA:14,0
DA:20,0
DA:22,0
DA:25,0
DA:26,0
DA:27,0
DA:30,0
DA:31,0
DA:34,0
DA:35,0
DA:37,0
DA:38,0
DA:39,0
DA:40,0
DA:44,0
DA:45,0
DA:46,0
DA:50,0
DA:51,0
LF:19
LH:0
end_of_record
SF:lib/presentation/pages/home_page/widgets/rounded_button.dart
DA:19,0
DA:33,0
DA:35,0
DA:36,0
DA:37,0
DA:38,0
DA:39,0
DA:40,0
DA:41,0
DA:43,0
DA:44,0
DA:47,0
DA:48,0
DA:49,0
DA:50,0
DA:51,0
DA:55,0
DA:56,0
DA:57,0
DA:58,0
DA:62,0
DA:63,0
DA:65,0
DA:66,0
DA:67,0
DA:68,0
LF:26
LH:0
end_of_record
SF:lib/presentation/widgets/user_photo.dart
DA:12,0
DA:19,0
DA:21,0
DA:22,0
DA:24,0
DA:25,0
DA:26,0
DA:27,0
DA:28,0
DA:30,0
DA:35,0
DA:36,0
DA:37,0
DA:38,0
DA:41,0
DA:42,0
DA:45,0
DA:48,0
DA:50,0
DA:52,0
LF:20
LH:0
end_of_record
SF:lib/presentation/pages/home_page/home_page.dart
DA:21,1
DA:25,0
DA:26,0
DA:37,0
DA:39,0
DA:42,0
DA:44,0
DA:45,0
DA:46,0
DA:49,0
DA:51,0
DA:54,0
DA:56,0
DA:57,0
DA:58,0
DA:60,0
DA:61,0
DA:63,0
DA:64,0
DA:67,0
DA:71,0
DA:72,0
DA:73,0
DA:77,0
DA:79,0
DA:80,0
DA:81,0
DA:86,0
DA:87,0
DA:88,0
DA:89,0
DA:90,0
DA:91,0
DA:92,0
DA:96,0
DA:102,0
DA:123,0
DA:124,0
DA:127,0
DA:128,0
LF:40
LH:1
end_of_record
SF:lib/presentation/pages/home_page/widgets/empty_posts_placeholder.dart
DA:6,1
DA:8,0
LF:2
LH:1
end_of_record
SF:lib/presentation/pages/home_page/widgets/home_bottom_bar.dart
DA:13,1
DA:15,0
DA:17,0
DA:18,0
DA:21,0
DA:22,0
DA:23,0
DA:24,0
DA:25,0
DA:26,0
DA:27,0
DA:28,0
DA:30,0
DA:33,0
DA:35,0
DA:45,0
DA:47,0
DA:50,0
DA:52,0
DA:53,0
LF:20
LH:1
end_of_record
SF:lib/presentation/pages/home_page/widgets/home_search_bar.dart
DA:19,0
DA:21,0
DA:23,0
DA:24,0
DA:33,0
DA:34,0
DA:35,0
DA:36,0
DA:37,0
DA:38,0
DA:41,0
DA:46,0
DA:49,0
DA:50,0
DA:51,0
DA:54,0
DA:59,0
DA:60,0
DA:61,0
DA:64,0
DA:65,0
DA:66,0
DA:67,0
DA:72,0
DA:75,0
DA:78,0
DA:80,0
DA:82,0
DA:83,0
DA:85,0
DA:89,0
DA:90,0
DA:92,0
DA:94,0
DA:95,0
DA:96,0
DA:101,0
DA:104,0
DA:105,0
DA:110,0
DA:111,0
DA:112,0
DA:114,0
DA:115,0
DA:116,0
DA:117,0
DA:118,0
LF:47
LH:0
end_of_record
SF:lib/presentation/pages/home_page/widgets/post_card.dart
DA:15,0
DA:21,0
DA:23,0
DA:25,0
DA:26,0
DA:27,0
DA:28,0
DA:29,0
DA:31,0
DA:32,0
DA:36,0
DA:37,0
DA:38,0
DA:46,0
DA:47,0
DA:48,0
DA:49,0
DA:52,0
DA:53,0
DA:56,0
DA:57,0
DA:58,0
DA:61,0
DA:62,0
DA:68,0
DA:70,0
DA:71,0
DA:73,0
DA:75,0
DA:76,0
DA:77,0
LF:31
LH:0
end_of_record
SF:lib/presentation/pages/home_page/widgets/user_welcome_row.dart
DA:13,1
DA:15,0
DA:17,0
DA:19,0
DA:20,0
DA:22,0
DA:24,0
DA:25,0
DA:26,0
DA:28,0
DA:30,0
DA:31,0
DA:32,0
DA:38,0
DA:40,0
DA:47,0
DA:49,0
DA:51,0
DA:52,0
DA:53,0
DA:54,0
DA:64,0
DA:65,0
LF:23
LH:1
end_of_record
SF:lib/presentation/pages/home_page/widgets/category_selector.dart
DA:11,0
DA:18,0
DA:19,0
DA:23,0
DA:25,0
DA:26,0
DA:28,0
DA:29,0
DA:30,0
DA:31,0
DA:35,0
DA:36,0
DA:37,0
DA:45,0
DA:47,0
DA:48,0
DA:49,0
DA:50,0
DA:51,0
LF:19
LH:0
end_of_record
SF:lib/presentation/pages/home_page/widgets/circled_button.dart
DA:10,0
DA:16,0
DA:18,0
DA:21,0
DA:22,0
DA:23,0
DA:24,0
DA:25,0
DA:27,0
DA:28,0
DA:31,0
DA:32,0
DA:33,0
DA:37,0
DA:38,0
DA:39,0
DA:46,0
DA:48,0
DA:49,0
LF:19
LH:0
end_of_record
SF:lib/presentation/pages/home_page/widgets/menu_item.dart
DA:7,0
DA:12,0
DA:14,0
DA:16,0
DA:17,0
DA:19,0
LF:6
LH:0
end_of_record
SF:lib/presentation/pages/user_settings_page/user_settings_page.dart
DA:17,1
DA:19,0
DA:22,0
DA:23,0
DA:24,0
DA:27,0
DA:28,0
DA:29,0
DA:30,0
DA:33,0
DA:35,0
DA:36,0
DA:38,0
DA:39,0
DA:40,0
DA:41,0
DA:42,0
DA:45,0
DA:47,0
DA:48,0
DA:53,0
DA:54,0
DA:60,0
DA:61,0
DA:62,0
DA:67,0
DA:68,0
DA:71,0
DA:73,0
DA:87,0
DA:88,0
DA:89,0
DA:92,0
DA:97,0
DA:98,0
DA:99,0
DA:100,0
DA:102,0
DA:103,0
DA:104,0
DA:114,0
DA:115,0
DA:117,0
DA:119,0
DA:120,0
LF:45
LH:1
end_of_record
SF:lib/presentation/pages/user_settings_page/widgets/list_item.dart
DA:13,0
DA:21,0
DA:23,0
DA:25,0
DA:26,0
DA:27,0
DA:28,0
DA:29,0
DA:32,0
DA:34,0
DA:35,0
DA:36,0
DA:40,0
LF:13
LH:0
end_of_record
SF:lib/presentation/pages/user_settings_page/widgets/section_title.dart
DA:7,0
DA:12,0
DA:14,0
DA:15,0
DA:16,0
DA:17,0
DA:18,0
LF:7
LH:0
end_of_record
