SF:lib/common/app_colors.dart
DA:15,3
DA:16,3
DA:17,3
LF:3
LH:3
end_of_record
SF:lib/common/app_text_styles.dart
DA:6,2
DA:7,2
DA:12,3
DA:15,3
LF:4
LH:4
end_of_record
SF:lib/common/enums/post_category.dart
DA:16,1
DA:17,5
LF:2
LH:2
end_of_record
SF:lib/common/extensions/num_extension.dart
DA:2,2
LF:1
LH:1
end_of_record
SF:lib/domain/entities/comment_entity.dart
DA:8,1
LF:1
LH:1
end_of_record
SF:lib/domain/entities/post_entity.dart
DA:15,1
DA:28,1
DA:40,1
DA:41,1
DA:42,0
DA:43,1
DA:44,1
DA:45,1
DA:46,1
DA:47,0
DA:48,1
DA:49,0
DA:50,1
DA:54,1
DA:65,1
DA:66,1
DA:67,1
DA:68,1
DA:69,1
DA:70,1
DA:71,1
DA:72,2
DA:73,1
DA:74,1
DA:75,1
DA:76,3
DA:77,1
DA:78,1
LF:28
LH:25
end_of_record
SF:lib/domain/entities/user_entity.dart
DA:10,1
DA:18,1
DA:23,1
DA:24,1
DA:25,1
DA:26,1
DA:27,1
DA:28,1
DA:29,1
DA:33,1
DA:34,1
DA:35,1
DA:36,1
DA:37,1
DA:38,1
DA:39,1
DA:43,1
DA:50,1
DA:51,1
DA:52,0
DA:53,1
DA:54,0
DA:55,1
DA:59,1
DA:62,1
DA:63,3
DA:64,3
DA:65,0
DA:66,0
DA:67,0
DA:68,0
DA:70,1
DA:72,14
LF:33
LH:27
end_of_record
SF:lib/domain/models/share_params_model.dart
DA:11,1
DA:14,1
DA:16,1
DA:17,1
DA:18,1
DA:19,1
DA:20,1
DA:24,1
DA:25,1
DA:26,1
DA:27,1
DA:28,1
DA:29,1
DA:33,1
DA:36,1
DA:37,3
DA:38,3
DA:39,3
DA:40,3
DA:41,3
DA:43,1
DA:45,3
DA:46,3
DA:47,2
LF:24
LH:24
end_of_record
SF:lib/domain/usecases/comments/get_all_comments_use_case.dart
DA:8,1
DA:10,1
DA:12,2
LF:3
LH:3
end_of_record
SF:lib/domain/usecases/comments/get_comments_by_post_id_use_case.dart
DA:8,1
DA:10,1
DA:12,2
LF:3
LH:3
end_of_record
SF:lib/domain/usecases/comments/init_comments_use_case.dart
DA:7,1
DA:9,1
DA:11,2
LF:3
LH:3
end_of_record
SF:lib/domain/usecases/image_picker/pick_image_use_case.dart
DA:7,1
DA:9,1
DA:11,2
LF:3
LH:3
end_of_record
SF:lib/domain/usecases/posts/get_all_posts_use_case.dart
DA:8,1
DA:10,1
DA:12,2
LF:3
LH:3
end_of_record
SF:lib/domain/usecases/posts/get_post_by_id_use_case.dart
DA:8,1
DA:10,1
DA:12,2
LF:3
LH:3
end_of_record
SF:lib/domain/usecases/posts/get_posts_by_category_use_case.dart
DA:9,1
DA:11,1
DA:13,2
LF:3
LH:3
end_of_record
SF:lib/domain/usecases/posts/like_post_by_id_use_case.dart
DA:7,1
DA:9,1
DA:11,2
LF:3
LH:3
end_of_record
SF:lib/domain/usecases/share/share_use_case.dart
DA:8,1
DA:10,1
DA:12,2
LF:3
LH:3
end_of_record
SF:lib/domain/usecases/users/get_all_users_use_case.dart
DA:8,1
DA:10,1
DA:12,2
LF:3
LH:3
end_of_record
SF:lib/domain/usecases/users/get_user_by_id_use_case.dart
DA:8,1
DA:10,1
DA:12,2
LF:3
LH:3
end_of_record
SF:lib/domain/usecases/users/init_users_use_case.dart
DA:7,1
DA:9,1
DA:11,2
LF:3
LH:3
end_of_record
SF:lib/utils/intl_day_formatter.dart
DA:4,1
DA:5,4
LF:2
LH:2
end_of_record
SF:lib/utils/relative_date_util.dart
DA:4,3
DA:6,1
DA:7,2
DA:8,1
DA:10,1
DA:11,1
DA:12,2
DA:13,2
DA:14,2
DA:16,1
DA:18,1
DA:20,1
DA:21,2
DA:22,1
DA:23,2
DA:24,1
DA:25,2
DA:27,1
LF:18
LH:18
end_of_record
